{"stage": "SYSTEM", "action": "INFO", "reason": "\ud83d\ude80 Intelligent Firewall starting all stages...", "timestamp": "22:12:50"}
{"stage": "SYSTEM", "action": "INFO", "reason": "All stage threads launched", "timestamp": "22:12:50"}
{"stage": "SYSTEM", "action": "INFO", "reason": "Stage 5: EDR Sysmon monitor STARTED", "timestamp": "22:12:50"}
{"stage": "Stage5", "action": "ERROR", "reason": "(5, 'EvtQuery', 'Access is denied.')", "timestamp": "22:12:50"}
{"stage": "SYSTEM", "action": "INFO", "reason": "Stage 6: Zero Trust monitor STARTED", "timestamp": "22:12:50"}
{"stage": "SYSTEM", "action": "INFO", "reason": "Stage 1+2: Packet capture + Rule engine STARTED", "timestamp": "22:12:51"}
{"stage": "SYSTEM", "action": "INFO", "reason": "\ud83d\uded1 All stages stopped", "timestamp": "22:13:32"}
{"stage": "SYSTEM", "action": "INFO", "reason": "\ud83d\ude80 Intelligent Firewall starting all stages...", "timestamp": "22:22:31"}
{"stage": "SYSTEM", "action": "INFO", "reason": "All stage threads launched", "timestamp": "22:22:31"}
{"stage": "SYSTEM", "action": "INFO", "reason": "Stage 5: EDR Sysmon monitor STARTED", "timestamp": "22:22:31"}
{"stage": "SYSTEM", "action": "INFO", "reason": "Stage 6: Zero Trust monitor STARTED", "timestamp": "22:22:31"}
{"stage": "Stage5", "action": "ERROR", "reason": "(5, 'EvtQuery', 'Access is denied.')", "timestamp": "22:22:31"}
{"stage": "SYSTEM", "action": "INFO", "reason": "Stage 1+2: Packet capture + Rule engine STARTED", "timestamp": "22:22:32"}
{"stage": "SYSTEM", "action": "INFO", "reason": "\ud83d\uded1 All stages stopped", "timestamp": "22:23:34"}
{"stage": "SYSTEM", "action": "INFO", "reason": "\ud83d\ude80 Intelligent Firewall starting all stages...", "timestamp": "22:48:28"}
{"stage": "SYSTEM", "action": "INFO", "reason": "All stage threads launched", "timestamp": "22:48:28"}
{"stage": "SYSTEM", "action": "INFO", "reason": "Stage 5: EDR Sysmon monitor STARTED", "timestamp": "22:48:28"}
{"stage": "SYSTEM", "action": "INFO", "reason": "Stage 6: Zero Trust monitor STARTED", "timestamp": "22:48:28"}
{"stage": "Stage5", "action": "ERROR", "reason": "(5, 'EvtQuery', 'Access is denied.')", "timestamp": "22:48:28"}
{"stage": "SYSTEM", "action": "INFO", "reason": "Stage 1+2: Packet capture + Rule engine STARTED", "timestamp": "22:48:29"}
{"stage": "SYSTEM", "action": "INFO", "reason": "\ud83d\uded1 All stages stopped", "timestamp": "22:48:34"}
{"stage": "SYSTEM", "action": "INFO", "reason": "\ud83d\ude80 Intelligent Firewall starting all stages...", "timestamp": "22:49:04"}
{"stage": "SYSTEM", "action": "INFO", "reason": "All stage threads launched", "timestamp": "22:49:04"}
{"stage": "SYSTEM", "action": "INFO", "reason": "Stage 5: EDR Sysmon monitor STARTED", "timestamp": "22:49:05"}
{"stage": "Stage5", "action": "ERROR", "reason": "(5, 'EvtQuery', 'Access is denied.')", "timestamp": "22:49:05"}
{"stage": "SYSTEM", "action": "INFO", "reason": "Stage 6: Zero Trust monitor STARTED", "timestamp": "22:49:05"}
{"stage": "SYSTEM", "action": "INFO", "reason": "Stage 1+2: Packet capture + Rule engine STARTED", "timestamp": "22:49:05"}
{"stage": "SYSTEM", "action": "INFO", "reason": "\ud83d\ude80 Intelligent Firewall starting all stages...", "timestamp": "22:58:44"}
{"stage": "SYSTEM", "action": "INFO", "reason": "All stage threads launched", "timestamp": "22:58:44"}
{"stage": "SYSTEM", "action": "INFO", "reason": "Stage 5: EDR Sysmon monitor STARTED", "timestamp": "22:58:44"}
{"stage": "Stage5", "action": "ERROR", "reason": "(5, 'EvtQuery', 'Access is denied.')", "timestamp": "22:58:44"}
{"stage": "SYSTEM", "action": "INFO", "reason": "Stage 6: Zero Trust monitor STARTED", "timestamp": "22:58:44"}
{"stage": "SYSTEM", "action": "INFO", "reason": "Stage 1+2: Packet capture + Rule engine STARTED", "timestamp": "22:58:45"}
{"stage": "SYSTEM", "action": "INFO", "reason": "\ud83d\uded1 All stages stopped", "timestamp": "22:58:51"}
